<?xml version="1.0" encoding="UTF-8" ?>
<testsuite failures="0" time="0.829" errors="1" skipped="0" tests="21" name="ua.pti.myatm.ATMTest">
  <properties>
    <property name="java.runtime.name" value="Java(TM) SE Runtime Environment"/>
    <property name="sun.boot.library.path" value="C:\Program Files (x86)\Java\jdk1.7.0_51\jre\bin"/>
    <property name="java.vm.version" value="24.51-b03"/>
    <property name="java.vm.vendor" value="Oracle Corporation"/>
    <property name="java.vendor.url" value="http://java.oracle.com/"/>
    <property name="path.separator" value=";"/>
    <property name="guice.disable.misplaced.annotation.check" value="true"/>
    <property name="java.vm.name" value="Java HotSpot(TM) Client VM"/>
    <property name="file.encoding.pkg" value="sun.io"/>
    <property name="user.script" value=""/>
    <property name="user.country" value="RU"/>
    <property name="sun.java.launcher" value="SUN_STANDARD"/>
    <property name="sun.os.patch.level" value="Service Pack 1"/>
    <property name="java.vm.specification.name" value="Java Virtual Machine Specification"/>
    <property name="user.dir" value="C:\Users\EGOR\Desktop\ATM"/>
    <property name="java.runtime.version" value="1.7.0_51-b13"/>
    <property name="java.awt.graphicsenv" value="sun.awt.Win32GraphicsEnvironment"/>
    <property name="java.endorsed.dirs" value="C:\Program Files (x86)\Java\jdk1.7.0_51\jre\lib\endorsed"/>
    <property name="os.arch" value="x86"/>
    <property name="java.io.tmpdir" value="C:\Users\EGOR\AppData\Local\Temp\"/>
    <property name="line.separator" value="
"/>
    <property name="java.vm.specification.vendor" value="Oracle Corporation"/>
    <property name="user.variant" value=""/>
    <property name="os.name" value="Windows 7"/>
    <property name="maven.ext.class.path" value="C:\Program Files (x86)\NetBeans 7.4\java\maven-nblib\netbeans-eventspy.jar"/>
    <property name="classworlds.conf" value="C:\Program Files (x86)\NetBeans 7.4\java\maven\bin\m2.conf"/>
    <property name="sun.jnu.encoding" value="Cp1251"/>
    <property name="java.library.path" value="C:\Program Files (x86)\Java\jdk1.7.0_51\bin;C:\Windows\Sun\Java\bin;C:\Windows\system32;C:\Windows;C:\oraclexe\app\oracle\product\11.2.0\server\bin;C:\ProgramData\Oracle\Java\javapath;C:\PROGRA~2\Borland\REMOTE~1\6.1\Bin;C:\Inprise\vbroker\bin;C:\PROGRA~2\Borland\CBUILD~1\Bin;C:\PROGRA~2\Borland\CBUILD~1\Projects\Bpl;C:\Windows\system32;C:\Windows;C:\Windows\System32\Wbem;C:\Windows\System32\WindowsPowerShell\v1.0\;C:\Program Files (x86)\Microsoft SQL Server\100\Tools\Binn\;C:\Program Files\Microsoft SQL Server\100\Tools\Binn\;C:\Program Files\Microsoft SQL Server\100\DTS\Binn\;C:\Program Files (x86)\Windows Kits\8.1\Windows Performance Toolkit\;C:\Program Files\Microsoft SQL Server\110\Tools\Binn\;."/>
    <property name="java.specification.name" value="Java Platform API Specification"/>
    <property name="java.class.version" value="51.0"/>
    <property name="sun.management.compiler" value="HotSpot Client Compiler"/>
    <property name="os.version" value="6.1"/>
    <property name="user.home" value="C:\Users\EGOR"/>
    <property name="user.timezone" value="Europe/Helsinki"/>
    <property name="java.awt.printerjob" value="sun.awt.windows.WPrinterJob"/>
    <property name="java.specification.version" value="1.7"/>
    <property name="file.encoding" value="Cp1251"/>
    <property name="user.name" value="EGOR"/>
    <property name="java.class.path" value="C:\Program Files (x86)\NetBeans 7.4\java\maven\boot\plexus-classworlds-2.4.jar"/>
    <property name="java.vm.specification.version" value="1.7"/>
    <property name="sun.arch.data.model" value="32"/>
    <property name="java.home" value="C:\Program Files (x86)\Java\jdk1.7.0_51\jre"/>
    <property name="sun.java.command" value="org.codehaus.plexus.classworlds.launcher.Launcher -Dmaven.ext.class.path=C:\Program Files (x86)\NetBeans 7.4\java\maven-nblib\netbeans-eventspy.jar install"/>
    <property name="java.specification.vendor" value="Oracle Corporation"/>
    <property name="user.language" value="ru"/>
    <property name="awt.toolkit" value="sun.awt.windows.WToolkit"/>
    <property name="java.vm.info" value="mixed mode, sharing"/>
    <property name="java.version" value="1.7.0_51"/>
    <property name="java.ext.dirs" value="C:\Program Files (x86)\Java\jdk1.7.0_51\jre\lib\ext;C:\Windows\Sun\Java\lib\ext"/>
    <property name="sun.boot.class.path" value="C:\Program Files (x86)\Java\jdk1.7.0_51\jre\lib\resources.jar;C:\Program Files (x86)\Java\jdk1.7.0_51\jre\lib\rt.jar;C:\Program Files (x86)\Java\jdk1.7.0_51\jre\lib\sunrsasign.jar;C:\Program Files (x86)\Java\jdk1.7.0_51\jre\lib\jsse.jar;C:\Program Files (x86)\Java\jdk1.7.0_51\jre\lib\jce.jar;C:\Program Files (x86)\Java\jdk1.7.0_51\jre\lib\charsets.jar;C:\Program Files (x86)\Java\jdk1.7.0_51\jre\lib\jfr.jar;C:\Program Files (x86)\Java\jdk1.7.0_51\jre\classes"/>
    <property name="java.vendor" value="Oracle Corporation"/>
    <property name="maven.home" value="C:\Program Files (x86)\NetBeans 7.4\java\maven"/>
    <property name="file.separator" value="\"/>
    <property name="java.vendor.url.bug" value="http://bugreport.sun.com/bugreport/"/>
    <property name="sun.cpu.endian" value="little"/>
    <property name="sun.io.unicode.encoding" value="UnicodeLittle"/>
    <property name="sun.desktop" value="windows"/>
    <property name="sun.cpu.isalist" value="pentium_pro+mmx pentium_pro pentium+mmx pentium i486 i386 i86"/>
  </properties>
  <testcase time="0.006" classname="ua.pti.myatm.ATMTest" name="testInitializeATMWithIllegalMoney"/>
  <testcase time="0.559" classname="ua.pti.myatm.ATMTest" name="testGetCashWithMoreAmountThanInATM"/>
  <testcase time="0.001" classname="ua.pti.myatm.ATMTest" name="testGetCashWithIllegalAmount"/>
  <testcase time="0.042" classname="ua.pti.myatm.ATMTest" name="validateIllegalCardVerifyCheckPin"/>
  <testcase time="0" classname="ua.pti.myatm.ATMTest" name="testInitializeATMWithBoundaryMoney"/>
  <testcase time="0.001" classname="ua.pti.myatm.ATMTest" name="testValidateCardWithIncorrectPinCode"/>
  <testcase time="0.003" classname="ua.pti.myatm.ATMTest" name="testGetCashWithNoCardInserted"/>
  <testcase time="0" classname="ua.pti.myatm.ATMTest" name="testInitializeATMWithNormalMoney"/>
  <testcase time="0.002" classname="ua.pti.myatm.ATMTest" name="testGetCash"/>
  <testcase time="0.005" classname="ua.pti.myatm.ATMTest" name="validateIllegalCardWithRightAndIllegalTry"/>
  <testcase time="0.001" classname="ua.pti.myatm.ATMTest" name="testValidateCardWithRightData"/>
  <testcase time="0.001" classname="ua.pti.myatm.ATMTest" name="testValidateCardWithBlockedCard"/>
  <testcase time="0.001" classname="ua.pti.myatm.ATMTest" name="testGetCashBoundaryBottom"/>
  <testcase time="0" classname="ua.pti.myatm.ATMTest" name="testGetMoneyInATM"/>
  <testcase time="0.01" classname="ua.pti.myatm.ATMTest" name="testGetCashBoundaryTop">
    <error type="java.lang.IllegalArgumentException">java.lang.IllegalArgumentException
	at ua.pti.myatm.ATM.getCash(ATM.java:89)
	at ua.pti.myatm.ATMTest.testGetCashBoundaryTop(ATMTest.java:177)
	at sun.reflect.NativeMethodAccessorImpl.invoke0(Native Method)
	at sun.reflect.NativeMethodAccessorImpl.invoke(NativeMethodAccessorImpl.java:57)
	at sun.reflect.DelegatingMethodAccessorImpl.invoke(DelegatingMethodAccessorImpl.java:43)
	at java.lang.reflect.Method.invoke(Method.java:606)
	at org.junit.runners.model.FrameworkMethod$1.runReflectiveCall(FrameworkMethod.java:47)
	at org.junit.internal.runners.model.ReflectiveCallable.run(ReflectiveCallable.java:12)
	at org.junit.runners.model.FrameworkMethod.invokeExplosively(FrameworkMethod.java:44)
	at org.junit.internal.runners.statements.InvokeMethod.evaluate(InvokeMethod.java:17)
	at org.junit.runners.ParentRunner.runLeaf(ParentRunner.java:271)
	at org.junit.runners.BlockJUnit4ClassRunner.runChild(BlockJUnit4ClassRunner.java:70)
	at org.junit.runners.BlockJUnit4ClassRunner.runChild(BlockJUnit4ClassRunner.java:50)
	at org.junit.runners.ParentRunner$3.run(ParentRunner.java:238)
	at org.junit.runners.ParentRunner$1.schedule(ParentRunner.java:63)
	at org.junit.runners.ParentRunner.runChildren(ParentRunner.java:236)
	at org.junit.runners.ParentRunner.access$000(ParentRunner.java:53)
	at org.junit.runners.ParentRunner$2.evaluate(ParentRunner.java:229)
	at org.junit.runners.ParentRunner.run(ParentRunner.java:309)
	at org.apache.maven.surefire.junit4.JUnit4TestSet.execute(JUnit4TestSet.java:53)
	at org.apache.maven.surefire.junit4.JUnit4Provider.executeTestSet(JUnit4Provider.java:123)
	at org.apache.maven.surefire.junit4.JUnit4Provider.invoke(JUnit4Provider.java:104)
	at sun.reflect.NativeMethodAccessorImpl.invoke0(Native Method)
	at sun.reflect.NativeMethodAccessorImpl.invoke(NativeMethodAccessorImpl.java:57)
	at sun.reflect.DelegatingMethodAccessorImpl.invoke(DelegatingMethodAccessorImpl.java:43)
	at java.lang.reflect.Method.invoke(Method.java:606)
	at org.apache.maven.surefire.util.ReflectionUtils.invokeMethodWithArray(ReflectionUtils.java:164)
	at org.apache.maven.surefire.booter.ProviderFactory$ProviderProxy.invoke(ProviderFactory.java:110)
	at org.apache.maven.surefire.booter.SurefireStarter.invokeProvider(SurefireStarter.java:175)
	at org.apache.maven.surefire.booter.SurefireStarter.runSuitesInProcessWhenForked(SurefireStarter.java:107)
	at org.apache.maven.surefire.booter.ForkedBooter.main(ForkedBooter.java:68)
</error>
  </testcase>
  <testcase time="0.001" classname="ua.pti.myatm.ATMTest" name="testCheckBalance"/>
  <testcase time="0.001" classname="ua.pti.myatm.ATMTest" name="testCheckBalanceFromNoInsertedCard"/>
  <testcase time="0.003" classname="ua.pti.myatm.ATMTest" name="validateIllegalCardWith2Cards"/>
  <testcase time="0.001" classname="ua.pti.myatm.ATMTest" name="validateIllegalCardWith2IllegalTry"/>
  <testcase time="0.002" classname="ua.pti.myatm.ATMTest" name="validateIllegalCard3"/>
  <testcase time="0.002" classname="ua.pti.myatm.ATMTest" name="testGetCashWithMoreAmountThanOnAccount"/>
</testsuite>